<?xml version="1.0" encoding="UTF-8"?>
<testsuite xmlns:xsi="http://www.w3.org/2001/XMLSchema-instance" xsi:noNamespaceSchemaLocation="https://maven.apache.org/surefire/maven-surefire-plugin/xsd/surefire-test-report-3.0.xsd" version="3.0" name="TestSuite" time="111.419" tests="1" errors="0" skipped="0" failures="1">
  <properties>
    <property name="sun.desktop" value="windows"/>
    <property name="awt.toolkit" value="sun.awt.windows.WToolkit"/>
    <property name="file.encoding.pkg" value="sun.io"/>
    <property name="java.specification.version" value="1.8"/>
    <property name="webdriver.chrome.driver" value="./src/main/resources/Drivers/chromedriver.exe"/>
    <property name="sun.cpu.isalist" value="amd64"/>
    <property name="sun.jnu.encoding" value="Cp1252"/>
    <property name="java.class.path" value="C:\Users\Impactqa\Documents\workspace-sts-3.9.9.RELEASE\EmpirixAutomationTest\target\test-classes;C:\Users\Impactqa\Documents\workspace-sts-3.9.9.RELEASE\EmpirixAutomationTest\target\classes;C:\Users\Impactqa\.m2\repository\org\testng\testng\7.1.0\testng-7.1.0.jar;C:\Users\Impactqa\.m2\repository\com\beust\jcommander\1.72\jcommander-1.72.jar;C:\Users\Impactqa\.m2\repository\com\google\inject\guice\4.1.0\guice-4.1.0-no_aop.jar;C:\Users\Impactqa\.m2\repository\javax\inject\javax.inject\1\javax.inject-1.jar;C:\Users\Impactqa\.m2\repository\aopalliance\aopalliance\1.0\aopalliance-1.0.jar;C:\Users\Impactqa\.m2\repository\org\yaml\snakeyaml\1.21\snakeyaml-1.21.jar;C:\Users\Impactqa\.m2\repository\org\seleniumhq\selenium\selenium-java\3.141.59\selenium-java-3.141.59.jar;C:\Users\Impactqa\.m2\repository\org\seleniumhq\selenium\selenium-api\3.141.59\selenium-api-3.141.59.jar;C:\Users\Impactqa\.m2\repository\org\seleniumhq\selenium\selenium-chrome-driver\3.141.59\selenium-chrome-driver-3.141.59.jar;C:\Users\Impactqa\.m2\repository\org\seleniumhq\selenium\selenium-edge-driver\3.141.59\selenium-edge-driver-3.141.59.jar;C:\Users\Impactqa\.m2\repository\org\seleniumhq\selenium\selenium-firefox-driver\3.141.59\selenium-firefox-driver-3.141.59.jar;C:\Users\Impactqa\.m2\repository\org\seleniumhq\selenium\selenium-ie-driver\3.141.59\selenium-ie-driver-3.141.59.jar;C:\Users\Impactqa\.m2\repository\org\seleniumhq\selenium\selenium-opera-driver\3.141.59\selenium-opera-driver-3.141.59.jar;C:\Users\Impactqa\.m2\repository\org\seleniumhq\selenium\selenium-remote-driver\3.141.59\selenium-remote-driver-3.141.59.jar;C:\Users\Impactqa\.m2\repository\org\seleniumhq\selenium\selenium-safari-driver\3.141.59\selenium-safari-driver-3.141.59.jar;C:\Users\Impactqa\.m2\repository\org\seleniumhq\selenium\selenium-support\3.141.59\selenium-support-3.141.59.jar;C:\Users\Impactqa\.m2\repository\net\bytebuddy\byte-buddy\1.8.15\byte-buddy-1.8.15.jar;C:\Users\Impactqa\.m2\repository\org\apache\commons\commons-exec\1.3\commons-exec-1.3.jar;C:\Users\Impactqa\.m2\repository\com\google\guava\guava\25.0-jre\guava-25.0-jre.jar;C:\Users\Impactqa\.m2\repository\com\google\code\findbugs\jsr305\1.3.9\jsr305-1.3.9.jar;C:\Users\Impactqa\.m2\repository\org\checkerframework\checker-compat-qual\2.0.0\checker-compat-qual-2.0.0.jar;C:\Users\Impactqa\.m2\repository\com\google\errorprone\error_prone_annotations\2.1.3\error_prone_annotations-2.1.3.jar;C:\Users\Impactqa\.m2\repository\com\google\j2objc\j2objc-annotations\1.1\j2objc-annotations-1.1.jar;C:\Users\Impactqa\.m2\repository\org\codehaus\mojo\animal-sniffer-annotations\1.14\animal-sniffer-annotations-1.14.jar;C:\Users\Impactqa\.m2\repository\com\squareup\okhttp3\okhttp\3.11.0\okhttp-3.11.0.jar;C:\Users\Impactqa\.m2\repository\com\squareup\okio\okio\1.14.0\okio-1.14.0.jar;C:\Users\Impactqa\.m2\repository\log4j\log4j\1.2.17\log4j-1.2.17.jar;C:\Users\Impactqa\.m2\repository\commons-io\commons-io\2.6\commons-io-2.6.jar;C:\Users\Impactqa\.m2\repository\org\apache\poi\poi-ooxml\3.5-beta5\poi-ooxml-3.5-beta5.jar;C:\Users\Impactqa\.m2\repository\org\apache\poi\poi\3.5-beta5\poi-3.5-beta5.jar;C:\Users\Impactqa\.m2\repository\commons-logging\commons-logging\1.1\commons-logging-1.1.jar;C:\Users\Impactqa\.m2\repository\logkit\logkit\1.0.1\logkit-1.0.1.jar;C:\Users\Impactqa\.m2\repository\avalon-framework\avalon-framework\4.1.3\avalon-framework-4.1.3.jar;C:\Users\Impactqa\.m2\repository\javax\servlet\servlet-api\2.3\servlet-api-2.3.jar;C:\Users\Impactqa\.m2\repository\org\apache\poi\ooxml-schemas\1.0\ooxml-schemas-1.0.jar;C:\Users\Impactqa\.m2\repository\org\apache\xmlbeans\xmlbeans\2.3.0\xmlbeans-2.3.0.jar;C:\Users\Impactqa\.m2\repository\stax\stax-api\1.0.1\stax-api-1.0.1.jar;C:\Users\Impactqa\.m2\repository\dom4j\dom4j\1.6.1\dom4j-1.6.1.jar;C:\Users\Impactqa\.m2\repository\xml-apis\xml-apis\1.0.b2\xml-apis-1.0.b2.jar;"/>
    <property name="java.vm.vendor" value="Oracle Corporation"/>
    <property name="sun.arch.data.model" value="64"/>
    <property name="user.variant" value=""/>
    <property name="java.vendor.url" value="http://java.oracle.com/"/>
    <property name="user.timezone" value="Asia/Calcutta"/>
    <property name="java.vm.specification.version" value="1.8"/>
    <property name="os.name" value="Windows 10"/>
    <property name="user.country" value="IN"/>
    <property name="sun.java.launcher" value="SUN_STANDARD"/>
    <property name="sun.boot.library.path" value="C:\Program Files\Java\jdk1.8.0_221\jre\bin"/>
    <property name="sun.java.command" value="C:\Users\Impactqa\AppData\Local\Temp\surefire6179385339835108292\surefirebooter8891269102015870782.jar C:\Users\Impactqa\AppData\Local\Temp\surefire6179385339835108292 2020-04-20T16-37-42_180-jvmRun1 surefire3988913596202535774tmp surefire_03089960475925156815tmp"/>
    <property name="surefire.test.class.path" value="C:\Users\Impactqa\Documents\workspace-sts-3.9.9.RELEASE\EmpirixAutomationTest\target\test-classes;C:\Users\Impactqa\Documents\workspace-sts-3.9.9.RELEASE\EmpirixAutomationTest\target\classes;C:\Users\Impactqa\.m2\repository\org\testng\testng\7.1.0\testng-7.1.0.jar;C:\Users\Impactqa\.m2\repository\com\beust\jcommander\1.72\jcommander-1.72.jar;C:\Users\Impactqa\.m2\repository\com\google\inject\guice\4.1.0\guice-4.1.0-no_aop.jar;C:\Users\Impactqa\.m2\repository\javax\inject\javax.inject\1\javax.inject-1.jar;C:\Users\Impactqa\.m2\repository\aopalliance\aopalliance\1.0\aopalliance-1.0.jar;C:\Users\Impactqa\.m2\repository\org\yaml\snakeyaml\1.21\snakeyaml-1.21.jar;C:\Users\Impactqa\.m2\repository\org\seleniumhq\selenium\selenium-java\3.141.59\selenium-java-3.141.59.jar;C:\Users\Impactqa\.m2\repository\org\seleniumhq\selenium\selenium-api\3.141.59\selenium-api-3.141.59.jar;C:\Users\Impactqa\.m2\repository\org\seleniumhq\selenium\selenium-chrome-driver\3.141.59\selenium-chrome-driver-3.141.59.jar;C:\Users\Impactqa\.m2\repository\org\seleniumhq\selenium\selenium-edge-driver\3.141.59\selenium-edge-driver-3.141.59.jar;C:\Users\Impactqa\.m2\repository\org\seleniumhq\selenium\selenium-firefox-driver\3.141.59\selenium-firefox-driver-3.141.59.jar;C:\Users\Impactqa\.m2\repository\org\seleniumhq\selenium\selenium-ie-driver\3.141.59\selenium-ie-driver-3.141.59.jar;C:\Users\Impactqa\.m2\repository\org\seleniumhq\selenium\selenium-opera-driver\3.141.59\selenium-opera-driver-3.141.59.jar;C:\Users\Impactqa\.m2\repository\org\seleniumhq\selenium\selenium-remote-driver\3.141.59\selenium-remote-driver-3.141.59.jar;C:\Users\Impactqa\.m2\repository\org\seleniumhq\selenium\selenium-safari-driver\3.141.59\selenium-safari-driver-3.141.59.jar;C:\Users\Impactqa\.m2\repository\org\seleniumhq\selenium\selenium-support\3.141.59\selenium-support-3.141.59.jar;C:\Users\Impactqa\.m2\repository\net\bytebuddy\byte-buddy\1.8.15\byte-buddy-1.8.15.jar;C:\Users\Impactqa\.m2\repository\org\apache\commons\commons-exec\1.3\commons-exec-1.3.jar;C:\Users\Impactqa\.m2\repository\com\google\guava\guava\25.0-jre\guava-25.0-jre.jar;C:\Users\Impactqa\.m2\repository\com\google\code\findbugs\jsr305\1.3.9\jsr305-1.3.9.jar;C:\Users\Impactqa\.m2\repository\org\checkerframework\checker-compat-qual\2.0.0\checker-compat-qual-2.0.0.jar;C:\Users\Impactqa\.m2\repository\com\google\errorprone\error_prone_annotations\2.1.3\error_prone_annotations-2.1.3.jar;C:\Users\Impactqa\.m2\repository\com\google\j2objc\j2objc-annotations\1.1\j2objc-annotations-1.1.jar;C:\Users\Impactqa\.m2\repository\org\codehaus\mojo\animal-sniffer-annotations\1.14\animal-sniffer-annotations-1.14.jar;C:\Users\Impactqa\.m2\repository\com\squareup\okhttp3\okhttp\3.11.0\okhttp-3.11.0.jar;C:\Users\Impactqa\.m2\repository\com\squareup\okio\okio\1.14.0\okio-1.14.0.jar;C:\Users\Impactqa\.m2\repository\log4j\log4j\1.2.17\log4j-1.2.17.jar;C:\Users\Impactqa\.m2\repository\commons-io\commons-io\2.6\commons-io-2.6.jar;C:\Users\Impactqa\.m2\repository\org\apache\poi\poi-ooxml\3.5-beta5\poi-ooxml-3.5-beta5.jar;C:\Users\Impactqa\.m2\repository\org\apache\poi\poi\3.5-beta5\poi-3.5-beta5.jar;C:\Users\Impactqa\.m2\repository\commons-logging\commons-logging\1.1\commons-logging-1.1.jar;C:\Users\Impactqa\.m2\repository\logkit\logkit\1.0.1\logkit-1.0.1.jar;C:\Users\Impactqa\.m2\repository\avalon-framework\avalon-framework\4.1.3\avalon-framework-4.1.3.jar;C:\Users\Impactqa\.m2\repository\javax\servlet\servlet-api\2.3\servlet-api-2.3.jar;C:\Users\Impactqa\.m2\repository\org\apache\poi\ooxml-schemas\1.0\ooxml-schemas-1.0.jar;C:\Users\Impactqa\.m2\repository\org\apache\xmlbeans\xmlbeans\2.3.0\xmlbeans-2.3.0.jar;C:\Users\Impactqa\.m2\repository\stax\stax-api\1.0.1\stax-api-1.0.1.jar;C:\Users\Impactqa\.m2\repository\dom4j\dom4j\1.6.1\dom4j-1.6.1.jar;C:\Users\Impactqa\.m2\repository\xml-apis\xml-apis\1.0.b2\xml-apis-1.0.b2.jar;"/>
    <property name="sun.cpu.endian" value="little"/>
    <property name="user.home" value="C:\Users\Impactqa"/>
    <property name="user.language" value="en"/>
    <property name="java.specification.vendor" value="Oracle Corporation"/>
    <property name="java.home" value="C:\Program Files\Java\jdk1.8.0_221\jre"/>
    <property name="basedir" value="C:\Users\Impactqa\Documents\workspace-sts-3.9.9.RELEASE\EmpirixAutomationTest"/>
    <property name="style.color" value="always"/>
    <property name="file.separator" value="\"/>
    <property name="line.separator" value="&#10;"/>
    <property name="java.vm.specification.vendor" value="Oracle Corporation"/>
    <property name="java.specification.name" value="Java Platform API Specification"/>
    <property name="java.awt.graphicsenv" value="sun.awt.Win32GraphicsEnvironment"/>
    <property name="surefire.real.class.path" value="C:\Users\Impactqa\AppData\Local\Temp\surefire6179385339835108292\surefirebooter8891269102015870782.jar"/>
    <property name="sun.boot.class.path" value="C:\Program Files\Java\jdk1.8.0_221\jre\lib\resources.jar;C:\Program Files\Java\jdk1.8.0_221\jre\lib\rt.jar;C:\Program Files\Java\jdk1.8.0_221\jre\lib\sunrsasign.jar;C:\Program Files\Java\jdk1.8.0_221\jre\lib\jsse.jar;C:\Program Files\Java\jdk1.8.0_221\jre\lib\jce.jar;C:\Program Files\Java\jdk1.8.0_221\jre\lib\charsets.jar;C:\Program Files\Java\jdk1.8.0_221\jre\lib\jfr.jar;C:\Program Files\Java\jdk1.8.0_221\jre\classes"/>
    <property name="user.script" value=""/>
    <property name="sun.management.compiler" value="HotSpot 64-Bit Tiered Compilers"/>
    <property name="java.runtime.version" value="1.8.0_221-b11"/>
    <property name="user.name" value="Impactqa"/>
    <property name="path.separator" value=";"/>
    <property name="os.version" value="10.0"/>
    <property name="java.endorsed.dirs" value="C:\Program Files\Java\jdk1.8.0_221\jre\lib\endorsed"/>
    <property name="java.runtime.name" value="Java(TM) SE Runtime Environment"/>
    <property name="file.encoding" value="Cp1252"/>
    <property name="java.vm.name" value="Java HotSpot(TM) 64-Bit Server VM"/>
    <property name="localRepository" value="C:\Users\Impactqa\.m2\repository"/>
    <property name="java.vendor.url.bug" value="http://bugreport.sun.com/bugreport/"/>
    <property name="java.io.tmpdir" value="C:\Users\Impactqa\AppData\Local\Temp\"/>
    <property name="java.version" value="1.8.0_221"/>
    <property name="user.dir" value="C:\Users\Impactqa\Documents\workspace-sts-3.9.9.RELEASE\EmpirixAutomationTest"/>
    <property name="os.arch" value="amd64"/>
    <property name="java.vm.specification.name" value="Java Virtual Machine Specification"/>
    <property name="java.awt.printerjob" value="sun.awt.windows.WPrinterJob"/>
    <property name="sun.os.patch.level" value=""/>
    <property name="java.library.path" value="C:\Program Files\Java\jdk1.8.0_221\jre\bin;C:\WINDOWS\Sun\Java\bin;C:\WINDOWS\system32;C:\WINDOWS;C:/Program Files/Java/jdk1.8.0_221/bin/../jre/bin/server;C:/Program Files/Java/jdk1.8.0_221/bin/../jre/bin;C:/Program Files/Java/jdk1.8.0_221/bin/../jre/lib/amd64;C:\WINDOWS\system32;C:\WINDOWS;C:\WINDOWS\System32\Wbem;C:\WINDOWS\System32\WindowsPowerShell\v1.0\;C:\WINDOWS\System32\OpenSSH\;C:\Program Files (x86)\BEA Systems\Tuxedo80\bin;C:\Program Files\Java\jdk1.8.0_221\bin;C:\Users\Impactqa\AppData\Local\Android\Sdk\tools;C:\Users\Impactqa\AppData\Local\Android\Sdk\platform-tools;C:\Users\Impactqa\AppData\Local\Android\Sdk\tools\bin;C:\Program Files\nodejs\;C:\Program Files (x86)\Git\cmd;C:\Users\Impactqa\AppData\Local\Microsoft\WindowsApps;C:\Users\Impactqa\AppData\Roaming\npm;;D:\Softwares\spring-tool-suite-3.9.9.RELEASE-e4.12.0-win32-x86_64\sts-bundle\sts-3.9.9.RELEASE;;."/>
    <property name="java.vm.info" value="mixed mode"/>
    <property name="java.vendor" value="Oracle Corporation"/>
    <property name="java.vm.version" value="25.221-b11"/>
    <property name="java.ext.dirs" value="C:\Program Files\Java\jdk1.8.0_221\jre\lib\ext;C:\WINDOWS\Sun\Java\lib\ext"/>
    <property name="sun.io.unicode.encoding" value="UnicodeLittle"/>
    <property name="java.class.version" value="52.0"/>
  </properties>
  <testcase name="ValidLoginTest" classname="com.empirix.testCases.LoginTest" time="72.784">
    <failure message="no such element: Unable to locate element: {&quot;method&quot;:&quot;xpath&quot;,&quot;selector&quot;:&quot;//a[@id=&apos;logo&apos;]&quot;}&#10;  (Session info: chrome=80.0.3987.163)&#10;For documentation on this error, please visit: https://www.seleniumhq.org/exceptions/no_such_element.html&#10;Build info: version: &apos;3.141.59&apos;, revision: &apos;e82be7d358&apos;, time: &apos;2018-11-14T08:17:03&apos;&#10;System info: host: &apos;IQA_MAYANKPARAS&apos;, ip: &apos;192.168.1.103&apos;, os.name: &apos;Windows 10&apos;, os.arch: &apos;amd64&apos;, os.version: &apos;10.0&apos;, java.version: &apos;1.8.0_221&apos;&#10;Driver info: org.openqa.selenium.chrome.ChromeDriver&#10;Capabilities {acceptInsecureCerts: false, browserName: chrome, browserVersion: 80.0.3987.163, chrome: {chromedriverVersion: 80.0.3987.106 (f68069574609..., userDataDir: C:\Users\Impactqa\AppData\L...}, goog:chromeOptions: {debuggerAddress: localhost:4887}, javascriptEnabled: true, networkConnectionEnabled: false, pageLoadStrategy: normal, platform: WINDOWS, platformName: WINDOWS, proxy: Proxy(), setWindowRect: true, strictFileInteractability: false, timeouts: {implicit: 0, pageLoad: 300000, script: 30000}, unhandledPromptBehavior: dismiss and notify}&#10;Session ID: 656031fff7ccfe8a2cbae9b87aef7bc6&#10;*** Element info: {Using=xpath, value=//a[@id=&apos;logo&apos;]}" type="org.openqa.selenium.NoSuchElementException"><![CDATA[org.openqa.selenium.NoSuchElementException: 
no such element: Unable to locate element: {"method":"xpath","selector":"//a[@id='logo']"}
  (Session info: chrome=80.0.3987.163)
For documentation on this error, please visit: https://www.seleniumhq.org/exceptions/no_such_element.html
Build info: version: '3.141.59', revision: 'e82be7d358', time: '2018-11-14T08:17:03'
System info: host: 'IQA_MAYANKPARAS', ip: '192.168.1.103', os.name: 'Windows 10', os.arch: 'amd64', os.version: '10.0', java.version: '1.8.0_221'
Driver info: org.openqa.selenium.chrome.ChromeDriver
Capabilities {acceptInsecureCerts: false, browserName: chrome, browserVersion: 80.0.3987.163, chrome: {chromedriverVersion: 80.0.3987.106 (f68069574609..., userDataDir: C:\Users\Impactqa\AppData\L...}, goog:chromeOptions: {debuggerAddress: localhost:4887}, javascriptEnabled: true, networkConnectionEnabled: false, pageLoadStrategy: normal, platform: WINDOWS, platformName: WINDOWS, proxy: Proxy(), setWindowRect: true, strictFileInteractability: false, timeouts: {implicit: 0, pageLoad: 300000, script: 30000}, unhandledPromptBehavior: dismiss and notify}
Session ID: 656031fff7ccfe8a2cbae9b87aef7bc6
*** Element info: {Using=xpath, value=//a[@id='logo']}
	at com.empirix.testCases.LoginTest.ValidLoginTest(LoginTest.java:24)
]]></failure>
    <system-out><![CDATA[2020-04-20 16:37:51 INFO  Log:22 - Chrome Launched
Chrome Launched
2020-04-20 16:38:20 INFO  Log:22 - https://services.empirix.com/ Url Navigated
https://services.empirix.com/ Url Navigated
2020-04-20 16:38:20 INFO  Log:12 - loginTest **********Test Start**********
2020-04-20 16:38:20 INFO  Log:22 - QA_traininguser25 is fetched from excel
2020-04-20 16:38:20 INFO  Log:22 - Empirix! is fetched from excel
]]></system-out>
    <system-err><![CDATA[Starting ChromeDriver 80.0.3987.106 (f68069574609230cf9b635cd784cfb1bf81bb53a-refs/branch-heads/3987@{#882}) on port 46989
Only local connections are allowed.
Please protect ports used by ChromeDriver and related test frameworks to prevent access by malicious code.
[1587380869.321][WARNING]: Timed out connecting to Chrome, retrying...
Apr 20, 2020 4:37:51 PM org.openqa.selenium.remote.ProtocolHandshake createSession
INFO: Detected dialect: W3C
[1587380873.472][WARNING]: Timed out connecting to Chrome, retrying...
[1587380879.465][SEVERE]: Timed out receiving message from renderer: 0.100
[1587380879.568][SEVERE]: Timed out receiving message from renderer: 0.100
[1587380879.673][SEVERE]: Timed out receiving message from renderer: 0.100
[1587380879.780][SEVERE]: Timed out receiving message from renderer: 0.100
[1587380879.887][SEVERE]: Timed out receiving message from renderer: 0.100
[1587380879.990][SEVERE]: Timed out receiving message from renderer: 0.100
[1587380880.093][SEVERE]: Timed out receiving message from renderer: 0.100
[1587380880.195][SEVERE]: Timed out receiving message from renderer: 0.100
[1587380880.296][SEVERE]: Timed out receiving message from renderer: 0.100
[1587380880.397][SEVERE]: Timed out receiving message from renderer: 0.100
[1587380880.507][SEVERE]: Timed out receiving message from renderer: 0.100
[1587380880.618][SEVERE]: Timed out receiving message from renderer: 0.100
[1587380880.724][SEVERE]: Timed out receiving message from renderer: 0.100
[1587380880.831][SEVERE]: Timed out receiving message from renderer: 0.100
[1587380880.941][SEVERE]: Timed out receiving message from renderer: 0.100
[1587380881.049][SEVERE]: Timed out receiving message from renderer: 0.100
[1587380881.150][SEVERE]: Timed out receiving message from renderer: 0.100
[1587380881.252][SEVERE]: Timed out receiving message from renderer: 0.100
[1587380881.365][SEVERE]: Timed out receiving message from renderer: 0.100
[1587380881.538][SEVERE]: Timed out receiving message from renderer: 0.100
[1587380881.641][SEVERE]: Timed out receiving message from renderer: 0.100
[1587380881.743][SEVERE]: Timed out receiving message from renderer: 0.100
[1587380881.846][SEVERE]: Timed out receiving message from renderer: 0.100
[1587380881.950][SEVERE]: Timed out receiving message from renderer: 0.100
[1587380882.065][SEVERE]: Timed out receiving message from renderer: 0.100
[1587380882.190][SEVERE]: Timed out receiving message from renderer: 0.100
[1587380882.299][SEVERE]: Timed out receiving message from renderer: 0.100
[1587380882.516][SEVERE]: Timed out receiving message from renderer: 0.100
[1587380882.632][SEVERE]: Timed out receiving message from renderer: 0.100
[1587380882.754][SEVERE]: Timed out receiving message from renderer: 0.100
[1587380882.859][SEVERE]: Timed out receiving message from renderer: 0.100
[1587380882.967][SEVERE]: Timed out receiving message from renderer: 0.100
[1587380883.072][SEVERE]: Timed out receiving message from renderer: 0.100
[1587380883.176][SEVERE]: Timed out receiving message from renderer: 0.100
[1587380883.277][SEVERE]: Timed out receiving message from renderer: 0.100
[1587380883.378][SEVERE]: Timed out receiving message from renderer: 0.100
[1587380883.557][SEVERE]: Timed out receiving message from renderer: 0.100
[1587380883.661][SEVERE]: Timed out receiving message from renderer: 0.100
[1587380883.768][SEVERE]: Timed out receiving message from renderer: 0.100
[1587380883.874][SEVERE]: Timed out receiving message from renderer: 0.100
[1587380883.984][SEVERE]: Timed out receiving message from renderer: 0.100
[1587380884.096][SEVERE]: Timed out receiving message from renderer: 0.100
[1587380884.213][SEVERE]: Timed out receiving message from renderer: 0.100
[1587380884.321][SEVERE]: Timed out receiving message from renderer: 0.100
[1587380884.552][SEVERE]: Timed out receiving message from renderer: 0.100
[1587380884.700][SEVERE]: Timed out receiving message from renderer: 0.100
[1587380884.804][SEVERE]: Timed out receiving message from renderer: 0.100
[1587380884.912][SEVERE]: Timed out receiving message from renderer: 0.100
[1587380885.020][SEVERE]: Timed out receiving message from renderer: 0.100
[1587380885.174][SEVERE]: Timed out receiving message from renderer: 0.100
[1587380885.276][SEVERE]: Timed out receiving message from renderer: 0.100
[1587380885.425][SEVERE]: Timed out receiving message from renderer: 0.100
[1587380885.529][SEVERE]: Timed out receiving message from renderer: 0.100
[1587380885.652][SEVERE]: Timed out receiving message from renderer: 0.100
[1587380885.755][SEVERE]: Timed out receiving message from renderer: 0.100
[1587380885.861][SEVERE]: Timed out receiving message from renderer: 0.100
[1587380886.124][SEVERE]: Timed out receiving message from renderer: 0.100
[1587380886.228][SEVERE]: Timed out receiving message from renderer: 0.100
[1587380886.356][SEVERE]: Timed out receiving message from renderer: 0.100
[1587380886.464][SEVERE]: Timed out receiving message from renderer: 0.100
[1587380886.568][SEVERE]: Timed out receiving message from renderer: 0.100
[1587380886.681][SEVERE]: Timed out receiving message from renderer: 0.100
[1587380886.782][SEVERE]: Timed out receiving message from renderer: 0.100
[1587380886.908][SEVERE]: Timed out receiving message from renderer: 0.100
[1587380887.010][SEVERE]: Timed out receiving message from renderer: 0.100
[1587380887.112][SEVERE]: Timed out receiving message from renderer: 0.100
[1587380887.230][SEVERE]: Timed out receiving message from renderer: 0.100
[1587380887.433][SEVERE]: Timed out receiving message from renderer: 0.100
[1587380887.579][SEVERE]: Timed out receiving message from renderer: 0.100
[1587380887.703][SEVERE]: Timed out receiving message from renderer: 0.100
[1587380887.807][SEVERE]: Timed out receiving message from renderer: 0.100
[1587380887.918][SEVERE]: Timed out receiving message from renderer: 0.100
[1587380888.022][SEVERE]: Timed out receiving message from renderer: 0.100
[1587380888.128][SEVERE]: Timed out receiving message from renderer: 0.100
[1587380888.232][SEVERE]: Timed out receiving message from renderer: 0.100
[1587380888.339][SEVERE]: Timed out receiving message from renderer: 0.100
[1587380888.446][SEVERE]: Timed out receiving message from renderer: 0.100
[1587380888.557][SEVERE]: Timed out receiving message from renderer: 0.100
[1587380888.658][SEVERE]: Timed out receiving message from renderer: 0.100
[1587380888.763][SEVERE]: Timed out receiving message from renderer: 0.100
[1587380888.870][SEVERE]: Timed out receiving message from renderer: 0.100
[1587380888.977][SEVERE]: Timed out receiving message from renderer: 0.100
[1587380889.089][SEVERE]: Timed out receiving message from renderer: 0.100
[1587380889.216][SEVERE]: Timed out receiving message from renderer: 0.100
[1587380889.321][SEVERE]: Timed out receiving message from renderer: 0.100
[1587380889.439][SEVERE]: Timed out receiving message from renderer: 0.100
[1587380889.545][SEVERE]: Timed out receiving message from renderer: 0.100
[1587380889.652][SEVERE]: Timed out receiving message from renderer: 0.100
[1587380889.756][SEVERE]: Timed out receiving message from renderer: 0.100
[1587380889.862][SEVERE]: Timed out receiving message from renderer: 0.100
[1587380889.963][SEVERE]: Timed out receiving message from renderer: 0.100
[1587380890.064][SEVERE]: Timed out receiving message from renderer: 0.100
[1587380890.165][SEVERE]: Timed out receiving message from renderer: 0.100
[1587380890.266][SEVERE]: Timed out receiving message from renderer: 0.100
[1587380890.394][SEVERE]: Timed out receiving message from renderer: 0.100
[1587380890.495][SEVERE]: Timed out receiving message from renderer: 0.100
[1587380890.698][SEVERE]: Timed out receiving message from renderer: 0.100
[1587380890.803][SEVERE]: Timed out receiving message from renderer: 0.100
[1587380890.908][SEVERE]: Timed out receiving message from renderer: 0.100
[1587380891.013][SEVERE]: Timed out receiving message from renderer: 0.100
[1587380891.114][SEVERE]: Timed out receiving message from renderer: 0.100
[1587380891.236][SEVERE]: Timed out receiving message from renderer: 0.100
[1587380891.337][SEVERE]: Timed out receiving message from renderer: 0.100
[1587380891.439][SEVERE]: Timed out receiving message from renderer: 0.100
[1587380891.541][SEVERE]: Timed out receiving message from renderer: 0.100
[1587380891.642][SEVERE]: Timed out receiving message from renderer: 0.100
[1587380891.746][SEVERE]: Timed out receiving message from renderer: 0.100
[1587380891.849][SEVERE]: Timed out receiving message from renderer: 0.100
[1587380891.956][SEVERE]: Timed out receiving message from renderer: 0.100
[1587380892.059][SEVERE]: Timed out receiving message from renderer: 0.100
[1587380892.163][SEVERE]: Timed out receiving message from renderer: 0.100
[1587380892.264][SEVERE]: Timed out receiving message from renderer: 0.100
[1587380892.373][SEVERE]: Timed out receiving message from renderer: 0.100
[1587380892.478][SEVERE]: Timed out receiving message from renderer: 0.100
[1587380892.582][SEVERE]: Timed out receiving message from renderer: 0.100
[1587380892.687][SEVERE]: Timed out receiving message from renderer: 0.100
[1587380892.791][SEVERE]: Timed out receiving message from renderer: 0.100
[1587380892.894][SEVERE]: Timed out receiving message from renderer: 0.100
[1587380892.996][SEVERE]: Timed out receiving message from renderer: 0.100
[1587380893.099][SEVERE]: Timed out receiving message from renderer: 0.100
[1587380893.201][SEVERE]: Timed out receiving message from renderer: 0.100
[1587380893.370][SEVERE]: Timed out receiving message from renderer: 0.100
[1587380893.471][SEVERE]: Timed out receiving message from renderer: 0.100
[1587380893.576][SEVERE]: Timed out receiving message from renderer: 0.100
[1587380893.682][SEVERE]: Timed out receiving message from renderer: 0.100
[1587380893.815][SEVERE]: Timed out receiving message from renderer: 0.100
[1587380893.920][SEVERE]: Timed out receiving message from renderer: 0.100
[1587380894.024][SEVERE]: Timed out receiving message from renderer: 0.100
[1587380894.256][SEVERE]: Timed out receiving message from renderer: 0.100
[1587380894.364][SEVERE]: Timed out receiving message from renderer: 0.100
[1587380894.467][SEVERE]: Timed out receiving message from renderer: 0.100
[1587380894.577][SEVERE]: Timed out receiving message from renderer: 0.100
[1587380894.679][SEVERE]: Timed out receiving message from renderer: 0.100
[1587380894.782][SEVERE]: Timed out receiving message from renderer: 0.100
[1587380894.888][SEVERE]: Timed out receiving message from renderer: 0.100
[1587380894.994][SEVERE]: Timed out receiving message from renderer: 0.100
[1587380895.098][SEVERE]: Timed out receiving message from renderer: 0.100
[1587380895.202][SEVERE]: Timed out receiving message from renderer: 0.100
[1587380895.305][SEVERE]: Timed out receiving message from renderer: 0.100
[1587380895.409][SEVERE]: Timed out receiving message from renderer: 0.100
[1587380895.519][SEVERE]: Timed out receiving message from renderer: 0.100
[1587380895.621][SEVERE]: Timed out receiving message from renderer: 0.100
[1587380895.724][SEVERE]: Timed out receiving message from renderer: 0.100
[1587380895.829][SEVERE]: Timed out receiving message from renderer: 0.100
[1587380895.935][SEVERE]: Timed out receiving message from renderer: 0.100
[1587380896.043][SEVERE]: Timed out receiving message from renderer: 0.100
[1587380896.144][SEVERE]: Timed out receiving message from renderer: 0.100
[1587380896.254][SEVERE]: Timed out receiving message from renderer: 0.100
[1587380896.361][SEVERE]: Timed out receiving message from renderer: 0.100
[1587380896.467][SEVERE]: Timed out receiving message from renderer: 0.100
[1587380896.572][SEVERE]: Timed out receiving message from renderer: 0.100
[1587380896.676][SEVERE]: Timed out receiving message from renderer: 0.100
[1587380896.778][SEVERE]: Timed out receiving message from renderer: 0.100
[1587380896.880][SEVERE]: Timed out receiving message from renderer: 0.100
[1587380896.989][SEVERE]: Timed out receiving message from renderer: 0.100
[1587380897.094][SEVERE]: Timed out receiving message from renderer: 0.100
[1587380897.196][SEVERE]: Timed out receiving message from renderer: 0.100
[1587380897.305][SEVERE]: Timed out receiving message from renderer: 0.100
[1587380897.406][SEVERE]: Timed out receiving message from renderer: 0.100
[1587380897.512][SEVERE]: Timed out receiving message from renderer: 0.100
[1587380897.616][SEVERE]: Timed out receiving message from renderer: 0.100
[1587380897.719][SEVERE]: Timed out receiving message from renderer: 0.100
[1587380897.822][SEVERE]: Timed out receiving message from renderer: 0.100
[1587380897.923][SEVERE]: Timed out receiving message from renderer: 0.100
[1587380898.024][SEVERE]: Timed out receiving message from renderer: 0.100
[1587380898.126][SEVERE]: Timed out receiving message from renderer: 0.100
[1587380898.230][SEVERE]: Timed out receiving message from renderer: 0.100
[1587380898.354][SEVERE]: Timed out receiving message from renderer: 0.100
[1587380898.469][SEVERE]: Timed out receiving message from renderer: 0.100
[1587380898.570][SEVERE]: Timed out receiving message from renderer: 0.100
[1587380898.674][SEVERE]: Timed out receiving message from renderer: 0.100
[1587380898.776][SEVERE]: Timed out receiving message from renderer: 0.100
[1587380898.884][SEVERE]: Timed out receiving message from renderer: 0.100
[1587380898.986][SEVERE]: Timed out receiving message from renderer: 0.100
[1587380899.178][SEVERE]: Timed out receiving message from renderer: 0.100
[1587380899.280][SEVERE]: Timed out receiving message from renderer: 0.100
[1587380899.383][SEVERE]: Timed out receiving message from renderer: 0.100
[1587380899.493][SEVERE]: Timed out receiving message from renderer: 0.100
[1587380899.599][SEVERE]: Timed out receiving message from renderer: 0.100
[1587380899.704][SEVERE]: Timed out receiving message from renderer: 0.100
[1587380899.811][SEVERE]: Timed out receiving message from renderer: 0.100
[1587380899.913][SEVERE]: Timed out receiving message from renderer: 0.100
[1587380900.022][SEVERE]: Timed out receiving message from renderer: 0.100
[1587380900.124][SEVERE]: Timed out receiving message from renderer: 0.100
]]></system-err>
  </testcase>
</testsuite>