<?xml version="1.0" encoding="UTF-8"?>
<!-- Generated by org.testng.reporters.JUnitReportReporter -->
<testsuite skipped="0" hostname="IQA_MayankParashar" name="com.pack.ParallelTest" tests="2" failures="0" timestamp="2020-04-18T03:15:59 IST" time="2.467" errors="0">
  <testcase name="search_TestCase" time="0.607" classname="com.pack.ParallelTest"/>
  <system-out/>
  <testcase name="login_TestCase" time="1.860" classname="com.pack.ParallelTest"/>
  <system-out/>
</testsuite> <!-- com.pack.ParallelTest -->
