<?xml version="1.0" encoding="UTF-8"?>
<!-- Generated by org.testng.reporters.JUnitReportReporter -->
<testsuite skipped="0" hostname="IQA_MayankParashar" name="com.Empirix.testCases.ParallelTest" tests="2" failures="0" timestamp="2020-04-18T03:34:29 IST" time="7.177" errors="0">
  <testcase name="search_TestCase" time="1.916" classname="com.Empirix.testCases.ParallelTest"/>
  <system-out/>
  <testcase name="login_TestCase" time="5.261" classname="com.Empirix.testCases.ParallelTest"/>
  <system-out/>
</testsuite> <!-- com.Empirix.testCases.ParallelTest -->
