<?xml version="1.0" encoding="UTF-8"?>
<!-- Generated by org.testng.reporters.JUnitReportReporter -->
<testsuite skipped="0" hostname="IQA_MayankParashar" name="com.pack.ParallelTest" tests="2" failures="0" timestamp="2020-04-13T20:21:16 IST" time="8.908" errors="0">
  <testcase name="login_TestCase" time="6.967" classname="com.pack.ParallelTest"/>
  <system-out/>
  <testcase name="search_TestCase" time="1.941" classname="com.pack.ParallelTest"/>
  <system-out/>
</testsuite> <!-- com.pack.ParallelTest -->
